modules/device-lock/android/build/outputs/logs/manifest-merger-debug-report.txt
-- Merging decision tree log ---
manifest
ADDED from src/main/AndroidManifest.xml:1:1-4:12
INJECTED from src/main/AndroidManifest.xml:1:1-4:12
	package
		INJECTED from src/main/AndroidManifest.xml
	xmlns:android
		ADDED from src/main/AndroidManifest.xml:1:11-69
uses-permission#android.permission.USE_BIOMETRIC
ADDED from src/main/AndroidManifest.xml:2:3-70
	android:name
		ADDED from src/main/AndroidManifest.xml:2:20-67
uses-permission#android.permission.USE_FINGERPRINT
ADDED from src/main/AndroidManifest.xml:3:3-72
	android:name
		ADDED from src/main/AndroidManifest.xml:3:20-69
uses-sdk
INJECTED from src/main/AndroidManifest.xml reason: use-sdk injection requested
INJECTED from src/main/AndroidManifest.xml
INJECTED from src/main/AndroidManifest.xml
	android:targetSdkVersion
		INJECTED from src/main/AndroidManifest.xml
	android:minSdkVersion
		INJECTED from src/main/AndroidManifest.xml